<?xml version="1.0" encoding="UTF-8"?>
<!-- Generated by org.testng.reporters.JUnitXMLReporter -->
<testsuite hostname="shubham-PC" ignored="0" name="Test" tests="3" failures="0" timestamp="22 Feb 2020 07:51:47 GMT" time="24.825" errors="0">
  <testcase name="checkTitle" time="0.036" classname="com.offline.qa.test.LoginPageTest"/>
  <testcase name="checkErrormsg" time="0.275" classname="com.offline.qa.test.LoginPageTest"/>
  <testcase name="checkErrormsgPassword" time="0.237" classname="com.offline.qa.test.LoginPageTest"/>
</testsuite> <!-- Test -->
