<?xml version="1.0" encoding="UTF-8"?>
<!-- Generated by org.testng.reporters.JUnitXMLReporter -->
<testsuite hostname="shubham-PC" ignored="0" name="Test" tests="4" failures="0" timestamp="26 Feb 2020 02:29:50 GMT" time="31.698" errors="0">
  <testcase name="checkTitle" time="0.038" classname="com.offline.qa.test.LoginPageTest"/>
  <testcase name="checkErrormsg" time="0.759" classname="com.offline.qa.test.LoginPageTest"/>
  <testcase name="checkErrormsgPassword" time="0.225" classname="com.offline.qa.test.LoginPageTest"/>
  <testcase name="checkErrormsgBothempty" time="0.343" classname="com.offline.qa.test.LoginPageTest"/>
</testsuite> <!-- Test -->
