<?xml version="1.0" encoding="UTF-8"?>
<!-- Generated by org.testng.reporters.JUnitXMLReporter -->
<testsuite hostname="shubham-PC" ignored="0" name="Default test" tests="4" failures="0" timestamp="24 Feb 2020 10:09:22 GMT" time="18.314" errors="0">
  <testcase name="checkTitle" time="0.032" classname="com.offline.qa.test.LoginPageTest"/>
  <testcase name="checkErrormsg" time="0.263" classname="com.offline.qa.test.LoginPageTest"/>
  <testcase name="checkErrormsgPassword" time="0.233" classname="com.offline.qa.test.LoginPageTest"/>
  <testcase name="checkErrormsgBothempty" time="0.328" classname="com.offline.qa.test.LoginPageTest"/>
</testsuite> <!-- Default test -->
