<?xml version="1.0" encoding="UTF-8"?>
<!-- Generated by org.testng.reporters.JUnitXMLReporter -->
<testsuite hostname="shubham-PC" ignored="0" name="Default test" tests="4" failures="0" timestamp="26 Feb 2020 02:42:53 GMT" time="31.028" errors="0">
  <testcase name="checkTitle" time="0.03" classname="com.offline.qa.test.LoginPageTest"/>
  <testcase name="checkErrormsg" time="0.237" classname="com.offline.qa.test.LoginPageTest"/>
  <testcase name="checkErrormsgPassword" time="0.254" classname="com.offline.qa.test.LoginPageTest"/>
  <testcase name="checkErrormsgBothempty" time="0.353" classname="com.offline.qa.test.LoginPageTest"/>
</testsuite> <!-- Default test -->
